\BOOKMARK [0][-]{chapter.1}{Electronique}{}% 1
\BOOKMARK [1][-]{section.1.1}{Puissance consomm\351e par un AO }{chapter.1}% 2
\BOOKMARK [1][-]{section.1.2}{Montage passe-bas }{chapter.1}% 3
\BOOKMARK [1][-]{section.1.3}{Filtre passif }{chapter.1}% 4
\BOOKMARK [1][-]{section.1.4}{Filtre avec ALI }{chapter.1}% 5
\BOOKMARK [1][-]{section.1.5}{Etude de deux bobines d'\351lectroaimant}{chapter.1}% 6
\BOOKMARK [0][-]{chapter.2}{Thermodynamique \(sup\)}{}% 7
\BOOKMARK [1][-]{section.2.1}{Chute d'une masse sur un piston }{chapter.2}% 8
\BOOKMARK [1][-]{section.2.2}{Entropie d'une chute libre }{chapter.2}% 9
\BOOKMARK [1][-]{section.2.3}{Machine de Stirling }{chapter.2}% 10
\BOOKMARK [1][-]{section.2.4}{Cycle de Beau de Rochas }{chapter.2}% 11
\BOOKMARK [1][-]{section.2.5}{Compression brutale }{chapter.2}% 12
\BOOKMARK [1][-]{section.2.6}{Compresseur \340 deux \351tages }{chapter.2}% 13
\BOOKMARK [1][-]{section.2.7}{Puissance d'une arme \340 feu }{chapter.2}% 14
\BOOKMARK [0][-]{chapter.3}{Thermodynamique \(sp\351\)}{}% 15
\BOOKMARK [1][-]{section.3.1}{Premier principe sur un fluide en \351coulement stationnaire }{chapter.3}% 16
\BOOKMARK [1][-]{section.3.2}{Second principe sur un fluide en \351coulement stationnaire }{chapter.3}% 17
\BOOKMARK [1][-]{section.3.3}{Pompe de relevage }{chapter.3}% 18
\BOOKMARK [1][-]{section.3.4}{Ecoulement d'un torrent}{chapter.3}% 19
\BOOKMARK [1][-]{section.3.5}{Compresseur}{chapter.3}% 20
\BOOKMARK [1][-]{section.3.6}{Tuy\350re}{chapter.3}% 21
\BOOKMARK [1][-]{section.3.7}{Formation du brouillard }{chapter.3}% 22
\BOOKMARK [1][-]{section.3.8}{Etude d'un turbor\351cteur }{chapter.3}% 23
\BOOKMARK [1][-]{section.3.9}{Etude d'un turbor\351cteur }{chapter.3}% 24
\BOOKMARK [0][-]{chapter.4}{Diffusion}{}% 25
\BOOKMARK [1][-]{section.4.1}{Petits et gros mammif\350res }{chapter.4}% 26
\BOOKMARK [1][-]{section.4.2}{Ailettes de refroidissement }{chapter.4}% 27
\BOOKMARK [1][-]{section.4.3}{Lac gel\351 }{chapter.4}% 28
\BOOKMARK [1][-]{section.4.4}{Transfert thermique et entropie }{chapter.4}% 29
\BOOKMARK [1][-]{section.4.5}{Transfert thermique et entropie }{chapter.4}% 30
\BOOKMARK [1][-]{section.4.6}{Combustion d'une poutre de bois }{chapter.4}% 31
\BOOKMARK [1][-]{section.4.7}{Temp\351rature dans une plan\350te naine }{chapter.4}% 32
\BOOKMARK [1][-]{section.4.8}{Une tente au soleil }{chapter.4}% 33
\BOOKMARK [1][-]{section.4.9}{Diffusion de particules dans un r\351cipent en rotation }{chapter.4}% 34
\BOOKMARK [1][-]{section.4.10}{Diffusion \340 contre-courant }{chapter.4}% 35
\BOOKMARK [1][-]{section.4.11}{Evaporation de l'\351ther }{chapter.4}% 36
\BOOKMARK [0][-]{chapter.5}{M\351canique}{}% 37
\BOOKMARK [1][-]{section.5.1}{Le Petit Prince : satellisation d'une pomme }{chapter.5}% 38
\BOOKMARK [1][-]{section.5.2}{Projectile lanc\351 \340 la verticale }{chapter.5}% 39
\BOOKMARK [1][-]{section.5.3}{Param\350tre d'impact }{chapter.5}% 40
\BOOKMARK [1][-]{section.5.4}{Pi\350ge de Penning }{chapter.5}% 41
\BOOKMARK [1][-]{section.5.5}{Tir \340 grande distance }{chapter.5}% 42
\BOOKMARK [1][-]{section.5.6}{Tir \340 grande distance }{chapter.5}% 43
\BOOKMARK [1][-]{section.5.7}{Frottement d'une corde et d'une poutre en bois }{chapter.5}% 44
\BOOKMARK [1][-]{section.5.8}{Frottement d'une corde et d'une poutre en bois }{chapter.5}% 45
\BOOKMARK [0][-]{chapter.6}{Ondes m\351caniques}{}% 46
\BOOKMARK [1][-]{section.6.1}{Longueur d'un son}{chapter.6}% 47
\BOOKMARK [0][-]{chapter.7}{Optique}{}% 48
\BOOKMARK [1][-]{section.7.1}{Fentes d'Young en montage Fraunhofer }{chapter.7}% 49
\BOOKMARK [1][-]{section.7.2}{Anneaux de Newton}{chapter.7}% 50
\BOOKMARK [1][-]{section.7.3}{Miroir de Fresnel}{chapter.7}% 51
\BOOKMARK [1][-]{section.7.4}{Fentes d'Young \351largies}{chapter.7}% 52
\BOOKMARK [1][-]{section.7.5}{R\351flexion sur un CD}{chapter.7}% 53
\BOOKMARK [1][-]{section.7.6}{D\351termination de l'\351paisseur d'une bulle de silicone}{chapter.7}% 54
